<?xml version="1.0" encoding="UTF-8" ?>
<testsuite errors="0" failures="0" hostname="jiyoung" name="fr.istic.m1.aco.miniediteur.v1.ihm.IHMTextTest" tests="5" time="0.444" timestamp="2013-12-08T06:07:55">
  <properties>
[...]
</properties>
  <testcase classname="fr.istic.m1.aco.miniediteur.v1.ihm.IHMTextTest" name="delete" time="0.172" />
  <testcase classname="fr.istic.m1.aco.miniediteur.v1.ihm.IHMTextTest" name="insert" time="0.002" />
  <testcase classname="fr.istic.m1.aco.miniediteur.v1.ihm.IHMTextTest" name="modify" time="0.001" />
  <testcase classname="fr.istic.m1.aco.miniediteur.v1.ihm.IHMTextTest" name="copy" time="0.015" />
  <testcase classname="fr.istic.m1.aco.miniediteur.v1.ihm.IHMTextTest" name="paste" time="0.008" />
  <system-out><![CDATA[---------------------
Supprimer...

commandName : Supprimer
Press Papier : []
content : []
---------------------
Saisir Texte...

commandName : SaisirTexte
Press Papier : []
content : my first text[]
---------------------
Modifier...

commandName : Modifier
Press Papier : []
content : my second text[]
---------------------
Saisir Texte...

commandName : SaisirTexte
Press Papier : []
content : my first text[]
---------------------
Copier...
Debut?
Fin?

commandName : Copier
Press Papier : [first]
content : my [first] text
---------------------
Saisir Texte...

commandName : SaisirTexte
Press Papier : []
content : my first text[]
---------------------
Copier...
Debut?
Fin?

commandName : Copier
Press Papier : [first]
content : my [first] text
---------------------
Coller...
Debut?

commandName : Coller
Press Papier : [first]
content : first[]my first text
]]></system-out>
  <system-err><![CDATA[]]></system-err>
</testsuite>
